<?xml version="1.0" encoding="UTF-8"?>
<!-- Generated by org.testng.reporters.JUnitReportReporter -->
<testsuite skipped="0" hostname="LAPTOP-AUG5HGQL" name="utils.ESS" tests="1" failures="0" timestamp="07 Dec 2020 19:28:52 GMT" time="22.904" errors="0">
  <testcase name="verifyESS" time="22.904" classname="utils.ESS"/>
</testsuite> <!-- utils.ESS -->
