<?xml version="1.0" encoding="UTF-8"?>
<!-- Generated by org.testng.reporters.JUnitReportReporter -->
<testsuite skipped="0" hostname="LAPTOP-AUG5HGQL" name="utils.ExcelDataProvider" tests="4" failures="0" timestamp="07 Dec 2020 19:28:52 GMT" time="88.310" errors="0">
  <testcase name="test1" time="16.437" classname="utils.ExcelDataProvider"/>
  <testcase name="test1" time="20.567" classname="utils.ExcelDataProvider"/>
  <testcase name="test1" time="18.694" classname="utils.ExcelDataProvider"/>
  <testcase name="test1" time="32.612" classname="utils.ExcelDataProvider"/>
</testsuite> <!-- utils.ExcelDataProvider -->
